[2.045s] DEBUG:colcon:Command line arguments: ['/bin/colcon', 'build']
[2.045s] DEBUG:colcon:Parsed command line arguments: Namespace(allow_overriding=[], ament_cmake_args=None, base_paths=['.'], build_base='build', catkin_cmake_args=None, catkin_skip_building_tests=False, cmake_args=None, cmake_clean_cache=False, cmake_clean_first=False, cmake_force_configure=False, cmake_target=None, cmake_target_skip_unavailable=False, continue_on_error=False, event_handlers=None, executor='parallel', ignore_user_meta=False, install_base='install', log_base=None, log_level=None, main=<bound method BuildVerb.main of <colcon_core.verb.build.BuildVerb object at 0x7fdbaca8e520>>, merge_install=False, metas=['./colcon.meta'], packages_above=None, packages_above_and_dependencies=None, packages_above_depth=None, packages_end=None, packages_ignore=None, packages_ignore_regex=None, packages_select=None, packages_select_build_failed=False, packages_select_by_dep=None, packages_select_regex=None, packages_select_test_failures=False, packages_skip=None, packages_skip_build_finished=False, packages_skip_by_dep=None, packages_skip_regex=None, packages_skip_test_passed=False, packages_skip_up_to=None, packages_start=None, packages_up_to=None, packages_up_to_regex=None, parallel_workers=8, paths=None, symlink_install=False, test_result_base=None, verb_extension=<colcon_core.verb.build.BuildVerb object at 0x7fdbaca8e520>, verb_name='build', verb_parser=<colcon_defaults.argument_parser.defaults.DefaultArgumentsDecorator object at 0x7fdbaca8ea60>)
[2.416s] Level 1:colcon.colcon_core.package_discovery:discover_packages(colcon_meta) check parameters
[2.418s] Level 1:colcon.colcon_core.package_discovery:discover_packages(recursive) check parameters
[2.418s] Level 1:colcon.colcon_core.package_discovery:discover_packages(ignore) check parameters
[2.418s] Level 1:colcon.colcon_core.package_discovery:discover_packages(path) check parameters
[2.418s] Level 1:colcon.colcon_core.package_discovery:discover_packages(colcon_meta) discover
[2.419s] Level 1:colcon.colcon_core.package_discovery:discover_packages(recursive) discover
[2.419s] INFO:colcon.colcon_core.package_discovery:Crawling recursively for packages in '/home/ros2/Ros2Projects/oom_ws/src/ros2_term_project/ros2_term_project'
[2.424s] Level 1:colcon.colcon_core.package_identification:_identify(.) by extensions ['ignore', 'ignore_ament_install']
[2.425s] Level 1:colcon.colcon_core.package_identification:_identify(.) by extension 'ignore'
[2.425s] Level 1:colcon.colcon_core.package_identification:_identify(.) by extension 'ignore_ament_install'
[2.425s] Level 1:colcon.colcon_core.package_identification:_identify(.) by extensions ['colcon_pkg']
[2.425s] Level 1:colcon.colcon_core.package_identification:_identify(.) by extension 'colcon_pkg'
[2.425s] Level 1:colcon.colcon_core.package_identification:_identify(.) by extensions ['colcon_meta']
[2.426s] Level 1:colcon.colcon_core.package_identification:_identify(.) by extension 'colcon_meta'
[2.426s] Level 1:colcon.colcon_core.package_identification:_identify(.) by extensions ['ros']
[2.426s] Level 1:colcon.colcon_core.package_identification:_identify(.) by extension 'ros'
[2.543s] Level 1:colcon.colcon_core.package_identification:_identify(.) by extensions ['cmake', 'python']
[2.543s] Level 1:colcon.colcon_core.package_identification:_identify(.) by extension 'cmake'
[2.544s] Level 1:colcon.colcon_core.package_identification:_identify(.) by extension 'python'
[2.544s] Level 1:colcon.colcon_core.package_identification:_identify(.) by extensions ['python_setup_py']
[2.544s] Level 1:colcon.colcon_core.package_identification:_identify(.) by extension 'python_setup_py'
[2.547s] Level 1:colcon.colcon_core.package_identification:_identify(__pycache__) by extensions ['ignore', 'ignore_ament_install']
[2.548s] Level 1:colcon.colcon_core.package_identification:_identify(__pycache__) by extension 'ignore'
[2.549s] Level 1:colcon.colcon_core.package_identification:_identify(__pycache__) by extension 'ignore_ament_install'
[2.549s] Level 1:colcon.colcon_core.package_identification:_identify(__pycache__) by extensions ['colcon_pkg']
[2.549s] Level 1:colcon.colcon_core.package_identification:_identify(__pycache__) by extension 'colcon_pkg'
[2.550s] Level 1:colcon.colcon_core.package_identification:_identify(__pycache__) by extensions ['colcon_meta']
[2.550s] Level 1:colcon.colcon_core.package_identification:_identify(__pycache__) by extension 'colcon_meta'
[2.550s] Level 1:colcon.colcon_core.package_identification:_identify(__pycache__) by extensions ['ros']
[2.553s] Level 1:colcon.colcon_core.package_identification:_identify(__pycache__) by extension 'ros'
[2.554s] Level 1:colcon.colcon_core.package_identification:_identify(__pycache__) by extensions ['cmake', 'python']
[2.554s] Level 1:colcon.colcon_core.package_identification:_identify(__pycache__) by extension 'cmake'
[2.554s] Level 1:colcon.colcon_core.package_identification:_identify(__pycache__) by extension 'python'
[2.554s] Level 1:colcon.colcon_core.package_identification:_identify(__pycache__) by extensions ['python_setup_py']
[2.555s] Level 1:colcon.colcon_core.package_identification:_identify(__pycache__) by extension 'python_setup_py'
[2.555s] Level 1:colcon.colcon_core.package_identification:_identify(build) by extensions ['ignore', 'ignore_ament_install']
[2.556s] Level 1:colcon.colcon_core.package_identification:_identify(build) by extension 'ignore'
[2.556s] Level 1:colcon.colcon_core.package_identification:_identify(build) ignored
[2.557s] Level 1:colcon.colcon_core.package_identification:_identify(install) by extensions ['ignore', 'ignore_ament_install']
[2.557s] Level 1:colcon.colcon_core.package_identification:_identify(install) by extension 'ignore'
[2.557s] Level 1:colcon.colcon_core.package_identification:_identify(install) ignored
[2.557s] Level 1:colcon.colcon_core.package_identification:_identify(log) by extensions ['ignore', 'ignore_ament_install']
[2.557s] Level 1:colcon.colcon_core.package_identification:_identify(log) by extension 'ignore'
[2.558s] Level 1:colcon.colcon_core.package_identification:_identify(log) ignored
[2.558s] Level 1:colcon.colcon_core.package_discovery:discover_packages(recursive) using defaults
[2.558s] Level 1:colcon.colcon_core.package_discovery:discover_packages(ignore) discover
[2.558s] Level 1:colcon.colcon_core.package_discovery:discover_packages(ignore) using defaults
[2.558s] Level 1:colcon.colcon_core.package_discovery:discover_packages(path) discover
[2.558s] Level 1:colcon.colcon_core.package_discovery:discover_packages(path) using defaults
[2.788s] Level 1:colcon.colcon_core.package_discovery:discover_packages(prefix_path) check parameters
[2.789s] Level 1:colcon.colcon_core.package_discovery:discover_packages(prefix_path) discover
[2.831s] DEBUG:colcon.colcon_installed_package_information.package_discovery:Found 409 installed packages in /opt/ros/foxy
[2.926s] Level 1:colcon.colcon_core.package_discovery:discover_packages(prefix_path) using defaults
[3.663s] INFO:colcon.colcon_core.executor:Executing jobs using 'parallel' executor
[3.692s] DEBUG:colcon.colcon_parallel_executor.executor.parallel:run_until_complete
[3.694s] DEBUG:colcon.colcon_parallel_executor.executor.parallel:closing loop
[3.696s] DEBUG:colcon.colcon_parallel_executor.executor.parallel:loop closed
[3.697s] DEBUG:colcon.colcon_parallel_executor.executor.parallel:run_until_complete finished with '0'
[3.697s] DEBUG:colcon.colcon_core.event_reactor:joining thread
[3.808s] INFO:colcon.colcon_core.plugin_system:Skipping extension 'colcon_notification.desktop_notification.notify_send': Could not find 'notify-send'
[3.809s] INFO:colcon.colcon_core.plugin_system:Skipping extension 'colcon_notification.desktop_notification.terminal_notifier': Not used on non-Darwin systems
[3.810s] INFO:colcon.colcon_core.plugin_system:Skipping extension 'colcon_notification.desktop_notification.win32': Not used on non-Windows systems
[3.810s] INFO:colcon.colcon_notification.desktop_notification:Sending desktop notification using 'notify2'
[4.906s] DEBUG:colcon.colcon_core.event_reactor:joined thread
[4.995s] INFO:colcon.colcon_core.plugin_system:Skipping extension 'colcon_core.shell.bat': Not used on non-Windows systems
[4.996s] INFO:colcon.colcon_core.shell:Creating prefix script '/home/ros2/Ros2Projects/oom_ws/src/ros2_term_project/ros2_term_project/install/local_setup.ps1'
[5.008s] INFO:colcon.colcon_core.shell:Creating prefix util module '/home/ros2/Ros2Projects/oom_ws/src/ros2_term_project/ros2_term_project/install/_local_setup_util_ps1.py'
[5.015s] INFO:colcon.colcon_core.shell:Creating prefix chain script '/home/ros2/Ros2Projects/oom_ws/src/ros2_term_project/ros2_term_project/install/setup.ps1'
[5.031s] INFO:colcon.colcon_core.shell:Creating prefix script '/home/ros2/Ros2Projects/oom_ws/src/ros2_term_project/ros2_term_project/install/local_setup.sh'
[5.036s] INFO:colcon.colcon_core.shell:Creating prefix util module '/home/ros2/Ros2Projects/oom_ws/src/ros2_term_project/ros2_term_project/install/_local_setup_util_sh.py'
[5.040s] INFO:colcon.colcon_core.shell:Creating prefix chain script '/home/ros2/Ros2Projects/oom_ws/src/ros2_term_project/ros2_term_project/install/setup.sh'
[5.046s] INFO:colcon.colcon_core.shell:Creating prefix script '/home/ros2/Ros2Projects/oom_ws/src/ros2_term_project/ros2_term_project/install/local_setup.bash'
[5.054s] INFO:colcon.colcon_core.shell:Creating prefix chain script '/home/ros2/Ros2Projects/oom_ws/src/ros2_term_project/ros2_term_project/install/setup.bash'
[5.058s] INFO:colcon.colcon_core.shell:Creating prefix script '/home/ros2/Ros2Projects/oom_ws/src/ros2_term_project/ros2_term_project/install/local_setup.zsh'
[5.064s] INFO:colcon.colcon_core.shell:Creating prefix chain script '/home/ros2/Ros2Projects/oom_ws/src/ros2_term_project/ros2_term_project/install/setup.zsh'
